<?xml version="1.0" encoding="UTF-8"?>
<testng-results ignored="0" total="1" passed="0" failed="0" skipped="1">
  <reporter-output>
  </reporter-output>
  <suite started-at="2023-06-17T17:16:30Z" name="Surefire suite" finished-at="2023-06-17T17:16:30Z" duration-ms="327">
    <groups>
    </groups>
    <test started-at="2023-06-17T17:16:30Z" name="Surefire test" finished-at="2023-06-17T17:16:30Z" duration-ms="327">
      <class name="Nallas.Nallas_demoproject.Testcase_Execution">
        <test-method is-config="true" signature="beforesuite()[pri:0, instance:Nallas.Nallas_demoproject.Testcase_Execution@3a52dba3]" started-at="2023-06-17T17:16:30Z" name="beforesuite" finished-at="2023-06-17T17:16:30Z" duration-ms="163" status="PASS">
          <reporter-output>
          </reporter-output>
        </test-method> <!-- beforesuite -->
        <test-method signature="TC(java.lang.String, java.lang.String, java.lang.String)[pri:0, instance:Nallas.Nallas_demoproject.Testcase_Execution@3a52dba3]" started-at="2023-06-17T17:16:30Z" name="TC" data-provider="Testcaselist" finished-at="2023-06-17T17:16:30Z" duration-ms="0" status="SKIP">
          <exception class="java.lang.RuntimeException">
            <message>
              <![CDATA[java.lang.Error: Unresolved compilation problems: 
ExcelUtils cannot be resolved
Type mismatch: cannot convert from Object[][] to Object[][][]
]]>
            </message>
            <full-stacktrace>
              <![CDATA[java.lang.RuntimeException: java.lang.Error: Unresolved compilation problems: 
ExcelUtils cannot be resolved
Type mismatch: cannot convert from Object[][] to Object[][][]

at org.testng.internal.MethodInvocationHelper.invokeMethodNoCheckedException(MethodInvocationHelper.java:49)
at org.testng.internal.MethodInvocationHelper.invokeDataProvider(MethodInvocationHelper.java:131)
at org.testng.internal.Parameters.handleParameters(Parameters.java:706)
at org.testng.internal.ParameterHandler.handleParameters(ParameterHandler.java:49)
at org.testng.internal.ParameterHandler.createParameters(ParameterHandler.java:37)
at org.testng.internal.Invoker.invokeTestMethods(Invoker.java:924)
at org.testng.internal.TestMethodWorker.invokeTestMethods(TestMethodWorker.java:125)
at org.testng.internal.TestMethodWorker.run(TestMethodWorker.java:109)
at org.testng.TestRunner.privateRun(TestRunner.java:648)
at org.testng.TestRunner.run(TestRunner.java:505)
at org.testng.SuiteRunner.runTest(SuiteRunner.java:455)
at org.testng.SuiteRunner.runSequentially(SuiteRunner.java:450)
at org.testng.SuiteRunner.privateRun(SuiteRunner.java:415)
at org.testng.SuiteRunner.run(SuiteRunner.java:364)
at org.testng.SuiteRunnerWorker.runSuite(SuiteRunnerWorker.java:52)
at org.testng.SuiteRunnerWorker.run(SuiteRunnerWorker.java:84)
at org.testng.TestNG.runSuitesSequentially(TestNG.java:1208)
at org.testng.TestNG.runSuitesLocally(TestNG.java:1137)
at org.testng.TestNG.runSuites(TestNG.java:1049)
at org.testng.TestNG.run(TestNG.java:1017)
at org.apache.maven.surefire.testng.TestNGExecutor.run(TestNGExecutor.java:135)
at org.apache.maven.surefire.testng.TestNGDirectoryTestSuite.executeMulti(TestNGDirectoryTestSuite.java:193)
at org.apache.maven.surefire.testng.TestNGDirectoryTestSuite.execute(TestNGDirectoryTestSuite.java:94)
at org.apache.maven.surefire.testng.TestNGProvider.invoke(TestNGProvider.java:146)
at org.apache.maven.surefire.booter.ForkedBooter.invokeProviderInSameClassLoader(ForkedBooter.java:384)
at org.apache.maven.surefire.booter.ForkedBooter.runSuitesInProcess(ForkedBooter.java:345)
at org.apache.maven.surefire.booter.ForkedBooter.execute(ForkedBooter.java:126)
at org.apache.maven.surefire.booter.ForkedBooter.main(ForkedBooter.java:418)
Caused by: java.lang.Error: Unresolved compilation problems: 
ExcelUtils cannot be resolved
Type mismatch: cannot convert from Object[][] to Object[][][]

at Nallas.Nallas_demoproject.Testcase_Execution.Testcaselist(Testcase_Execution.java:83)
at java.base/jdk.internal.reflect.NativeMethodAccessorImpl.invoke0(Native Method)
at java.base/jdk.internal.reflect.NativeMethodAccessorImpl.invoke(NativeMethodAccessorImpl.java:77)
at java.base/jdk.internal.reflect.DelegatingMethodAccessorImpl.invoke(DelegatingMethodAccessorImpl.java:43)
at java.base/java.lang.reflect.Method.invoke(Method.java:568)
at org.testng.internal.MethodInvocationHelper.invokeMethod(MethodInvocationHelper.java:124)
at org.testng.internal.MethodInvocationHelper.invokeMethod(MethodInvocationHelper.java:74)
at org.testng.internal.MethodInvocationHelper.invokeMethodNoCheckedException(MethodInvocationHelper.java:45)
... 27 more
]]>
            </full-stacktrace>
          </exception> <!-- java.lang.RuntimeException -->
          <reporter-output>
          </reporter-output>
        </test-method> <!-- TC -->
        <test-method is-config="true" signature="endtest()[pri:0, instance:Nallas.Nallas_demoproject.Testcase_Execution@3a52dba3]" started-at="2023-06-17T17:16:30Z" name="endtest" finished-at="2023-06-17T17:16:30Z" duration-ms="155" status="PASS">
          <reporter-output>
          </reporter-output>
        </test-method> <!-- endtest -->
      </class> <!-- Nallas.Nallas_demoproject.Testcase_Execution -->
    </test> <!-- Surefire test -->
  </suite> <!-- Surefire suite -->
</testng-results>
