<?xml version="1.0" encoding="UTF-8"?>
<!-- Generated by org.testng.reporters.JUnitXMLReporter -->
<testsuite ignored="0" hostname="DESKTOP-FG7QG1S" failures="0" tests="4" name="Command line test" time="133.085" errors="0" timestamp="02 Jan 2024 07:38:11 GMT">
  <testcase classname="Nallas.Nallas_demoproject.Testcase_Execution" name="TC" time="47.71"/>
  <testcase classname="Nallas.Nallas_demoproject.Testcase_Execution" name="TC" time="49.15"/>
  <testcase classname="Nallas.Nallas_demoproject.Testcase_Execution" name="TC" time="0.829"/>
  <testcase classname="Nallas.Nallas_demoproject.Testcase_Execution" name="TC" time="0.85"/>
</testsuite> <!-- Command line test -->
