<?xml version="1.0" encoding="UTF-8"?>
<testng-results ignored="0" total="2" passed="2" failed="0" skipped="0">
  <reporter-output>
  </reporter-output>
  <suite started-at="2024-06-17T07:23:56Z" name="Command line suite" finished-at="2024-06-17T07:25:39Z" duration-ms="103241">
    <groups>
    </groups>
    <test started-at="2024-06-17T07:23:56Z" name="Command line test" finished-at="2024-06-17T07:25:39Z" duration-ms="103241">
      <class name="Nallas.Nallas_demoproject.Testcase_Execution">
        <test-method is-config="true" signature="beforesuite()[pri:0, instance:Nallas.Nallas_demoproject.Testcase_Execution@3932c79a]" started-at="2024-06-17T07:23:56Z" name="beforesuite" finished-at="2024-06-17T07:23:57Z" duration-ms="1128" status="PASS">
          <reporter-output>
          </reporter-output>
        </test-method> <!-- beforesuite -->
        <test-method is-config="true" signature="setProxy_Zap(java.lang.reflect.Method)[pri:0, instance:Nallas.Nallas_demoproject.Testcase_Execution@3932c79a]" started-at="2024-06-17T07:23:57Z" name="setProxy_Zap" finished-at="2024-06-17T07:23:57Z" duration-ms="1" status="PASS">
          <params>
            <param index="0">
              <value>
                <![CDATA[public static void Nallas.Nallas_demoproject.Testcase_Execution.TC(java.lang.String) throws java.lang.Exception]]>
              </value>
            </param>
          </params>
          <reporter-output>
          </reporter-output>
        </test-method> <!-- setProxy_Zap -->
        <test-method signature="TC(java.lang.String)[pri:0, instance:Nallas.Nallas_demoproject.Testcase_Execution@3932c79a]" started-at="2024-06-17T07:23:57Z" name="TC" data-provider="TCList" finished-at="2024-06-17T07:24:06Z" duration-ms="9282" status="PASS">
          <params>
            <param index="0">
              <value>
                <![CDATA[TC_100~Verify nallas contact us page~No~Chrome]]>
              </value>
            </param>
          </params>
          <reporter-output>
          </reporter-output>
        </test-method> <!-- TC -->
        <test-method is-config="true" signature="stoprecord()[pri:0, instance:Nallas.Nallas_demoproject.Testcase_Execution@3932c79a]" started-at="2024-06-17T07:24:07Z" name="stoprecord" finished-at="2024-06-17T07:24:07Z" duration-ms="274" status="PASS">
          <reporter-output>
          </reporter-output>
        </test-method> <!-- stoprecord -->
        <test-method is-config="true" signature="setProxy_Zap(java.lang.reflect.Method)[pri:0, instance:Nallas.Nallas_demoproject.Testcase_Execution@3932c79a]" started-at="2024-06-17T07:24:07Z" name="setProxy_Zap" finished-at="2024-06-17T07:24:07Z" duration-ms="1" status="PASS">
          <params>
            <param index="0">
              <value>
                <![CDATA[public static void Nallas.Nallas_demoproject.Testcase_Execution.TC(java.lang.String) throws java.lang.Exception]]>
              </value>
            </param>
          </params>
          <reporter-output>
          </reporter-output>
        </test-method> <!-- setProxy_Zap -->
        <test-method signature="TC(java.lang.String)[pri:0, instance:Nallas.Nallas_demoproject.Testcase_Execution@3932c79a]" started-at="2024-06-17T07:24:07Z" name="TC" data-provider="TCList" finished-at="2024-06-17T07:25:39Z" duration-ms="91768" status="PASS">
          <params>
            <param index="0">
              <value>
                <![CDATA[TC_101~Verify Contact us element ~Yes~Chrome]]>
              </value>
            </param>
          </params>
          <reporter-output>
          </reporter-output>
        </test-method> <!-- TC -->
        <test-method is-config="true" signature="stoprecord()[pri:0, instance:Nallas.Nallas_demoproject.Testcase_Execution@3932c79a]" started-at="2024-06-17T07:25:39Z" name="stoprecord" finished-at="2024-06-17T07:25:39Z" duration-ms="402" status="PASS">
          <reporter-output>
          </reporter-output>
        </test-method> <!-- stoprecord -->
        <test-method is-config="true" signature="endtest()[pri:0, instance:Nallas.Nallas_demoproject.Testcase_Execution@3932c79a]" started-at="2024-06-17T07:25:39Z" name="endtest" finished-at="2024-06-17T07:25:39Z" duration-ms="210" status="PASS">
          <reporter-output>
          </reporter-output>
        </test-method> <!-- endtest -->
      </class> <!-- Nallas.Nallas_demoproject.Testcase_Execution -->
    </test> <!-- Command line test -->
  </suite> <!-- Command line suite -->
</testng-results>
